oasis_flutter-220506/build/app/intermediates/manifest_merge_blame_file/release/manifest-merger-blame-release-report.txt
1<?xml version="1.0" encoding="utf-8"?>
2<manifest xmlns:android="http://schemas.android.com/apk/res/android"
3    package="com.nisoft.oasis"
4    android:versionCode="23"
5    android:versionName="1.0.2" >
6
7    <uses-sdk
8        android:minSdkVersion="20"
8-->src/main/AndroidManifest.xml
9        android:targetSdkVersion="30" />
9-->src/main/AndroidManifest.xml
10
11    <uses-permission android:name="android.permission.ACCESS_FINE_LOCATION" />
11-->src/main/AndroidManifest.xml:44:5-79
11-->src/main/AndroidManifest.xml:44:22-76
12    <uses-permission android:name="android.permission.INTERNET" />
12-->src/main/AndroidManifest.xml:45:5-66
12-->src/main/AndroidManifest.xml:45:22-64
13    <uses-permission android:name="android.permission.READ_CONTACTS" />
13-->src/main/AndroidManifest.xml:46:5-71
13-->src/main/AndroidManifest.xml:46:22-69
14    <uses-permission android:name="android.permission.WRITE_CONTACTS" />
14-->src/main/AndroidManifest.xml:47:5-72
14-->src/main/AndroidManifest.xml:47:22-70
15    <uses-permission android:name="com.android.vending.BILLING" />
15-->src/main/AndroidManifest.xml:48:5-67
15-->src/main/AndroidManifest.xml:48:22-64
16    <uses-permission android:name="android.permission.WAKE_LOCK" />
16-->[:firebase_messaging] AndroidManifest.xml:8:5-68
16-->[:firebase_messaging] AndroidManifest.xml:8:22-65
17    <uses-permission android:name="android.permission.ACCESS_NETWORK_STATE" />
17-->[:firebase_messaging] AndroidManifest.xml:9:5-79
17-->[:firebase_messaging] AndroidManifest.xml:9:22-76
18    <uses-permission android:name="android.permission.READ_EXTERNAL_STORAGE" />
18-->[:screen_capture_event] AndroidManifest.xml:8:5-10:40
18-->[:screen_capture_event] AndroidManifest.xml:9:9-64
19    <uses-permission android:name="android.permission.WRITE_EXTERNAL_STORAGE" /> <!-- Required by older versions of Google Play services to create IID tokens -->
19-->[:screen_capture_event] AndroidManifest.xml:11:5-81
19-->[:screen_capture_event] AndroidManifest.xml:11:22-78
20    <uses-permission android:name="com.google.android.c2dm.permission.RECEIVE" />
20-->[com.google.firebase:firebase-messaging:23.0.0] AndroidManifest.xml:25:5-82
20-->[com.google.firebase:firebase-messaging:23.0.0] AndroidManifest.xml:25:22-79
21
22    <uses-feature
22-->[com.naver.maps:map-sdk:3.9.1] AndroidManifest.xml:11:5-13:35
23        android:glEsVersion="0x00020000"
23-->[com.naver.maps:map-sdk:3.9.1] AndroidManifest.xml:12:9-41
24        android:required="true" />
24-->[com.naver.maps:map-sdk:3.9.1] AndroidManifest.xml:13:9-32
25    <uses-feature
25-->[com.naver.maps:map-sdk:3.9.1] AndroidManifest.xml:14:5-16:36
26        android:name="android.hardware.wifi"
26-->[com.naver.maps:map-sdk:3.9.1] AndroidManifest.xml:15:9-45
27        android:required="false" />
27-->[com.naver.maps:map-sdk:3.9.1] AndroidManifest.xml:16:9-33
28
29    <uses-permission android:name="android.permission.ACCESS_WIFI_STATE" />
29-->[com.naver.maps:map-sdk:3.9.1] AndroidManifest.xml:20:5-76
29-->[com.naver.maps:map-sdk:3.9.1] AndroidManifest.xml:20:22-73
30    <uses-permission android:name="com.google.android.finsky.permission.BIND_GET_INSTALL_REFERRER_SERVICE" /> <!-- Include required permissions for Advertising Id -->
30-->[com.google.android.gms:play-services-measurement:20.0.2] AndroidManifest.xml:26:5-110
30-->[com.google.android.gms:play-services-measurement:20.0.2] AndroidManifest.xml:26:22-107
31    <uses-permission android:name="com.google.android.gms.permission.AD_ID" />
31-->[com.google.android.gms:play-services-ads-identifier:18.0.0] AndroidManifest.xml:23:5-79
31-->[com.google.android.gms:play-services-ads-identifier:18.0.0] AndroidManifest.xml:23:22-76
32
33    <application
33-->src/main/AndroidManifest.xml:3:4-43:19
34        android:name="androidx.multidex.MultiDexApplication"
35        android:appComponentFactory="androidx.core.app.CoreComponentFactory"
35-->[androidx.core:core:1.6.0] AndroidManifest.xml:24:18-86
36        android:icon="@mipmap/ic_launcher"
36-->src/main/AndroidManifest.xml:5:9-43
37        android:label="OASIS"
37-->src/main/AndroidManifest.xml:4:9-30
38        android:requestLegacyExternalStorage="true" >
38-->[:screen_capture_event] AndroidManifest.xml:13:18-61
39        <activity
39-->src/main/AndroidManifest.xml:6:9-34:20
40            android:name="com.nisoft.oasis.MainActivity"
40-->src/main/AndroidManifest.xml:7:13-41
41            android:configChanges="orientation|keyboardHidden|keyboard|screenSize|smallestScreenSize|locale|layoutDirection|fontScale|screenLayout|density|uiMode"
41-->src/main/AndroidManifest.xml:10:13-163
42            android:hardwareAccelerated="true"
42-->src/main/AndroidManifest.xml:11:13-47
43            android:launchMode="singleTop"
43-->src/main/AndroidManifest.xml:8:13-43
44            android:theme="@style/LaunchTheme"
44-->src/main/AndroidManifest.xml:9:13-47
45            android:windowSoftInputMode="adjustResize" >
45-->src/main/AndroidManifest.xml:12:13-55
46
47            <!--
48                 Specifies an Android theme to apply to this Activity as soon as
49                 the Android process has started. This theme is visible to the user
50                 while the Flutter UI initializes. After that, this theme continues
51                 to determine the Window background behind the Flutter UI.
52            -->
53            <meta-data
53-->src/main/AndroidManifest.xml:17:13-20:17
54                android:name="io.flutter.embedding.android.NormalTheme"
54-->src/main/AndroidManifest.xml:18:15-70
55                android:resource="@style/NormalTheme" />
55-->src/main/AndroidManifest.xml:19:15-52
56            <!--
57                 Displays an Android View that continues showing the launch screen
58                 Drawable until Flutter paints its first frame, then this splash
59                 screen fades out. A splash screen is useful to avoid any visual
60                 gap between the end of Android's launch screen and the painting of
61                 Flutter's first frame.
62            -->
63            <meta-data
63-->src/main/AndroidManifest.xml:26:13-29:17
64                android:name="io.flutter.embedding.android.SplashScreenDrawable"
64-->src/main/AndroidManifest.xml:27:15-79
65                android:resource="@drawable/launch_background" />
65-->src/main/AndroidManifest.xml:28:15-61
66
67            <intent-filter>
67-->src/main/AndroidManifest.xml:30:13-33:29
68                <action android:name="android.intent.action.MAIN" />
68-->src/main/AndroidManifest.xml:31:17-68
68-->src/main/AndroidManifest.xml:31:25-66
69
70                <category android:name="android.intent.category.LAUNCHER" />
70-->src/main/AndroidManifest.xml:32:17-76
70-->src/main/AndroidManifest.xml:32:27-74
71            </intent-filter>
72        </activity>
73        <!--
74             Don't delete the meta-data below.
75             This is used by the Flutter tool to generate GeneratedPluginRegistrant.java
76        -->
77        <meta-data
77-->src/main/AndroidManifest.xml:37:9-39:33
78            android:name="flutterEmbedding"
78-->src/main/AndroidManifest.xml:38:13-44
79            android:value="2" />
79-->src/main/AndroidManifest.xml:39:13-30
80        <meta-data
80-->src/main/AndroidManifest.xml:40:8-42:41
81            android:name="com.naver.maps.map.CLIENT_ID"
81-->src/main/AndroidManifest.xml:41:12-55
82            android:value="3hijufyrg8" />
82-->src/main/AndroidManifest.xml:42:12-38
83
84        <service
84-->[:firebase_messaging] AndroidManifest.xml:12:9-15:72
85            android:name="io.flutter.plugins.firebase.messaging.FlutterFirebaseMessagingBackgroundService"
85-->[:firebase_messaging] AndroidManifest.xml:13:13-107
86            android:exported="false"
86-->[:firebase_messaging] AndroidManifest.xml:14:13-37
87            android:permission="android.permission.BIND_JOB_SERVICE" />
87-->[:firebase_messaging] AndroidManifest.xml:15:13-69
88        <service
88-->[:firebase_messaging] AndroidManifest.xml:16:9-22:19
89            android:name="io.flutter.plugins.firebase.messaging.FlutterFirebaseMessagingService"
89-->[:firebase_messaging] AndroidManifest.xml:17:13-97
90            android:exported="false" >
90-->[:firebase_messaging] AndroidManifest.xml:18:13-37
91            <intent-filter>
91-->[:firebase_messaging] AndroidManifest.xml:19:13-21:29
92                <action android:name="com.google.firebase.MESSAGING_EVENT" />
92-->[:firebase_messaging] AndroidManifest.xml:20:17-78
92-->[:firebase_messaging] AndroidManifest.xml:20:25-75
93            </intent-filter>
94        </service>
95
96        <receiver
96-->[:firebase_messaging] AndroidManifest.xml:24:9-31:20
97            android:name="io.flutter.plugins.firebase.messaging.FlutterFirebaseMessagingReceiver"
97-->[:firebase_messaging] AndroidManifest.xml:25:13-98
98            android:exported="true"
98-->[:firebase_messaging] AndroidManifest.xml:26:13-36
99            android:permission="com.google.android.c2dm.permission.SEND" >
99-->[:firebase_messaging] AndroidManifest.xml:27:13-73
100            <intent-filter>
100-->[:firebase_messaging] AndroidManifest.xml:28:13-30:29
101                <action android:name="com.google.android.c2dm.intent.RECEIVE" />
101-->[:firebase_messaging] AndroidManifest.xml:29:17-81
101-->[:firebase_messaging] AndroidManifest.xml:29:25-78
102            </intent-filter>
103        </receiver>
104
105        <service
105-->[:firebase_messaging] AndroidManifest.xml:33:9-37:19
106            android:name="com.google.firebase.components.ComponentDiscoveryService"
106-->[:firebase_messaging] AndroidManifest.xml:33:18-89
107            android:directBootAware="true"
107-->[com.google.firebase:firebase-common:20.0.0] AndroidManifest.xml:35:13-43
108            android:exported="false" >
108-->[com.google.firebase:firebase-messaging:23.0.0] AndroidManifest.xml:51:13-37
109            <meta-data
109-->[:firebase_messaging] AndroidManifest.xml:34:13-36:85
110                android:name="com.google.firebase.components:io.flutter.plugins.firebase.messaging.FlutterFirebaseAppRegistrar"
110-->[:firebase_messaging] AndroidManifest.xml:35:17-128
111                android:value="com.google.firebase.components.ComponentRegistrar" />
111-->[:firebase_messaging] AndroidManifest.xml:36:17-82
112            <meta-data
112-->[:firebase_core] AndroidManifest.xml:9:13-11:85
113                android:name="com.google.firebase.components:io.flutter.plugins.firebase.core.FlutterFirebaseCoreRegistrar"
113-->[:firebase_core] AndroidManifest.xml:10:17-124
114                android:value="com.google.firebase.components.ComponentRegistrar" />
114-->[:firebase_core] AndroidManifest.xml:11:17-82
115            <meta-data
115-->[com.google.firebase:firebase-messaging:23.0.0] AndroidManifest.xml:52:13-54:85
116                android:name="com.google.firebase.components:com.google.firebase.messaging.FirebaseMessagingRegistrar"
116-->[com.google.firebase:firebase-messaging:23.0.0] AndroidManifest.xml:53:17-119
117                android:value="com.google.firebase.components.ComponentRegistrar" />
117-->[com.google.firebase:firebase-messaging:23.0.0] AndroidManifest.xml:54:17-82
118            <meta-data
118-->[com.google.firebase:firebase-datatransport:18.0.0] AndroidManifest.xml:28:13-30:85
119                android:name="com.google.firebase.components:com.google.firebase.datatransport.TransportRegistrar"
119-->[com.google.firebase:firebase-datatransport:18.0.0] AndroidManifest.xml:29:17-115
120                android:value="com.google.firebase.components.ComponentRegistrar" />
120-->[com.google.firebase:firebase-datatransport:18.0.0] AndroidManifest.xml:30:17-82
121            <meta-data
121-->[com.google.android.gms:play-services-measurement-api:20.0.2] AndroidManifest.xml:30:13-32:85
122                android:name="com.google.firebase.components:com.google.firebase.analytics.connector.internal.AnalyticsConnectorRegistrar"
122-->[com.google.android.gms:play-services-measurement-api:20.0.2] AndroidManifest.xml:31:17-139
123                android:value="com.google.firebase.components.ComponentRegistrar" />
123-->[com.google.android.gms:play-services-measurement-api:20.0.2] AndroidManifest.xml:32:17-82
124            <meta-data
124-->[com.google.firebase:firebase-installations:17.0.0] AndroidManifest.xml:18:13-20:85
125                android:name="com.google.firebase.components:com.google.firebase.installations.FirebaseInstallationsRegistrar"
125-->[com.google.firebase:firebase-installations:17.0.0] AndroidManifest.xml:19:17-127
126                android:value="com.google.firebase.components.ComponentRegistrar" />
126-->[com.google.firebase:firebase-installations:17.0.0] AndroidManifest.xml:20:17-82
127        </service>
128
129        <provider
129-->[:firebase_messaging] AndroidManifest.xml:39:9-43:38
130            android:name="io.flutter.plugins.firebase.messaging.FlutterFirebaseMessagingInitProvider"
130-->[:firebase_messaging] AndroidManifest.xml:40:13-102
131            android:authorities="com.nisoft.oasis.flutterfirebasemessaginginitprovider"
131-->[:firebase_messaging] AndroidManifest.xml:41:13-88
132            android:exported="false"
132-->[:firebase_messaging] AndroidManifest.xml:42:13-37
133            android:initOrder="99" />
133-->[:firebase_messaging] AndroidManifest.xml:43:13-35
134        <provider
134-->[:image_picker] AndroidManifest.xml:8:9-16:20
135            android:name="io.flutter.plugins.imagepicker.ImagePickerFileProvider"
135-->[:image_picker] AndroidManifest.xml:9:13-82
136            android:authorities="com.nisoft.oasis.flutter.image_provider"
136-->[:image_picker] AndroidManifest.xml:10:13-74
137            android:exported="false"
137-->[:image_picker] AndroidManifest.xml:11:13-37
138            android:grantUriPermissions="true" >
138-->[:image_picker] AndroidManifest.xml:12:13-47
139            <meta-data
139-->[:image_picker] AndroidManifest.xml:13:13-15:75
140                android:name="android.support.FILE_PROVIDER_PATHS"
140-->[:image_picker] AndroidManifest.xml:14:17-67
141                android:resource="@xml/flutter_image_picker_file_paths" />
141-->[:image_picker] AndroidManifest.xml:15:17-72
142        </provider>
143
144        <activity
144-->[:url_launcher_android] AndroidManifest.xml:8:9-11:74
145            android:name="io.flutter.plugins.urllauncher.WebViewActivity"
145-->[:url_launcher_android] AndroidManifest.xml:9:13-74
146            android:exported="false"
146-->[:url_launcher_android] AndroidManifest.xml:10:13-37
147            android:theme="@android:style/Theme.NoTitleBar.Fullscreen" />
147-->[:url_launcher_android] AndroidManifest.xml:11:13-71
148
149        <uses-library
149-->[androidx.window:window:1.0.0-beta04] AndroidManifest.xml:25:9-27:40
150            android:name="androidx.window.extensions"
150-->[androidx.window:window:1.0.0-beta04] AndroidManifest.xml:26:13-54
151            android:required="false" />
151-->[androidx.window:window:1.0.0-beta04] AndroidManifest.xml:27:13-37
152        <uses-library
152-->[androidx.window:window:1.0.0-beta04] AndroidManifest.xml:28:9-30:40
153            android:name="androidx.window.sidecar"
153-->[androidx.window:window:1.0.0-beta04] AndroidManifest.xml:29:13-51
154            android:required="false" />
154-->[androidx.window:window:1.0.0-beta04] AndroidManifest.xml:30:13-37
155
156        <receiver
156-->[com.google.firebase:firebase-messaging:23.0.0] AndroidManifest.xml:28:9-35:20
157            android:name="com.google.firebase.iid.FirebaseInstanceIdReceiver"
157-->[com.google.firebase:firebase-messaging:23.0.0] AndroidManifest.xml:29:13-78
158            android:exported="true"
158-->[com.google.firebase:firebase-messaging:23.0.0] AndroidManifest.xml:30:13-36
159            android:permission="com.google.android.c2dm.permission.SEND" >
159-->[com.google.firebase:firebase-messaging:23.0.0] AndroidManifest.xml:31:13-73
160            <intent-filter>
160-->[:firebase_messaging] AndroidManifest.xml:28:13-30:29
161                <action android:name="com.google.android.c2dm.intent.RECEIVE" />
161-->[:firebase_messaging] AndroidManifest.xml:29:17-81
161-->[:firebase_messaging] AndroidManifest.xml:29:25-78
162            </intent-filter>
163        </receiver>
164        <!--
165             FirebaseMessagingService performs security checks at runtime,
166             but set to not exported to explicitly avoid allowing another app to call it.
167        -->
168        <service
168-->[com.google.firebase:firebase-messaging:23.0.0] AndroidManifest.xml:41:9-48:19
169            android:name="com.google.firebase.messaging.FirebaseMessagingService"
169-->[com.google.firebase:firebase-messaging:23.0.0] AndroidManifest.xml:42:13-82
170            android:directBootAware="true"
170-->[com.google.firebase:firebase-messaging:23.0.0] AndroidManifest.xml:43:13-43
171            android:exported="false" >
171-->[com.google.firebase:firebase-messaging:23.0.0] AndroidManifest.xml:44:13-37
172            <intent-filter android:priority="-500" >
172-->[:firebase_messaging] AndroidManifest.xml:19:13-21:29
173                <action android:name="com.google.firebase.MESSAGING_EVENT" />
173-->[:firebase_messaging] AndroidManifest.xml:20:17-78
173-->[:firebase_messaging] AndroidManifest.xml:20:25-75
174            </intent-filter>
175        </service>
176        <service
176-->[com.google.android.datatransport:transport-backend-cct:3.0.0] AndroidManifest.xml:29:9-35:19
177            android:name="com.google.android.datatransport.runtime.backends.TransportBackendDiscovery"
177-->[com.google.android.datatransport:transport-backend-cct:3.0.0] AndroidManifest.xml:30:13-103
178            android:exported="false" >
178-->[com.google.android.datatransport:transport-backend-cct:3.0.0] AndroidManifest.xml:31:13-37
179            <meta-data
179-->[com.google.android.datatransport:transport-backend-cct:3.0.0] AndroidManifest.xml:32:13-34:39
180                android:name="backend:com.google.android.datatransport.cct.CctBackendFactory"
180-->[com.google.android.datatransport:transport-backend-cct:3.0.0] AndroidManifest.xml:33:17-94
181                android:value="cct" />
181-->[com.google.android.datatransport:transport-backend-cct:3.0.0] AndroidManifest.xml:34:17-36
182        </service>
183
184        <provider
184-->[com.google.firebase:firebase-common:20.0.0] AndroidManifest.xml:26:9-31:39
185            android:name="com.google.firebase.provider.FirebaseInitProvider"
185-->[com.google.firebase:firebase-common:20.0.0] AndroidManifest.xml:27:13-77
186            android:authorities="com.nisoft.oasis.firebaseinitprovider"
186-->[com.google.firebase:firebase-common:20.0.0] AndroidManifest.xml:28:13-72
187            android:directBootAware="true"
187-->[com.google.firebase:firebase-common:20.0.0] AndroidManifest.xml:29:13-43
188            android:exported="false"
188-->[com.google.firebase:firebase-common:20.0.0] AndroidManifest.xml:30:13-37
189            android:initOrder="100" />
189-->[com.google.firebase:firebase-common:20.0.0] AndroidManifest.xml:31:13-36
190
191        <activity
191-->[com.naver.maps:map-sdk:3.9.1] AndroidManifest.xml:23:9-27:51
192            android:name="com.naver.maps.map.app.LegendActivity"
192-->[com.naver.maps:map-sdk:3.9.1] AndroidManifest.xml:24:13-65
193            android:configChanges="screenSize|smallestScreenSize|screenLayout|orientation"
193-->[com.naver.maps:map-sdk:3.9.1] AndroidManifest.xml:25:13-91
194            android:label="@string/navermap_legend"
194-->[com.naver.maps:map-sdk:3.9.1] AndroidManifest.xml:26:13-52
195            android:theme="@style/navermap_app" />
195-->[com.naver.maps:map-sdk:3.9.1] AndroidManifest.xml:27:13-48
196        <activity
196-->[com.naver.maps:map-sdk:3.9.1] AndroidManifest.xml:28:9-32:51
197            android:name="com.naver.maps.map.app.LegalNoticeActivity"
197-->[com.naver.maps:map-sdk:3.9.1] AndroidManifest.xml:29:13-70
198            android:configChanges="screenSize|smallestScreenSize|screenLayout|orientation"
198-->[com.naver.maps:map-sdk:3.9.1] AndroidManifest.xml:30:13-91
199            android:label="@string/navermap_legal_notice"
199-->[com.naver.maps:map-sdk:3.9.1] AndroidManifest.xml:31:13-58
200            android:theme="@style/navermap_app" />
200-->[com.naver.maps:map-sdk:3.9.1] AndroidManifest.xml:32:13-48
201        <activity
201-->[com.naver.maps:map-sdk:3.9.1] AndroidManifest.xml:33:9-37:51
202            android:name="com.naver.maps.map.app.OpenSourceLicenseActivity"
202-->[com.naver.maps:map-sdk:3.9.1] AndroidManifest.xml:34:13-76
203            android:configChanges="screenSize|smallestScreenSize|screenLayout|orientation"
203-->[com.naver.maps:map-sdk:3.9.1] AndroidManifest.xml:35:13-91
204            android:label="@string/navermap_open_source_license"
204-->[com.naver.maps:map-sdk:3.9.1] AndroidManifest.xml:36:13-65
205            android:theme="@style/navermap_app" />
205-->[com.naver.maps:map-sdk:3.9.1] AndroidManifest.xml:37:13-48
206
207        <receiver
207-->[com.google.android.gms:play-services-measurement:20.0.2] AndroidManifest.xml:29:9-33:20
208            android:name="com.google.android.gms.measurement.AppMeasurementReceiver"
208-->[com.google.android.gms:play-services-measurement:20.0.2] AndroidManifest.xml:30:13-85
209            android:enabled="true"
209-->[com.google.android.gms:play-services-measurement:20.0.2] AndroidManifest.xml:31:13-35
210            android:exported="false" >
210-->[com.google.android.gms:play-services-measurement:20.0.2] AndroidManifest.xml:32:13-37
211        </receiver>
212
213        <service
213-->[com.google.android.gms:play-services-measurement:20.0.2] AndroidManifest.xml:35:9-38:40
214            android:name="com.google.android.gms.measurement.AppMeasurementService"
214-->[com.google.android.gms:play-services-measurement:20.0.2] AndroidManifest.xml:36:13-84
215            android:enabled="true"
215-->[com.google.android.gms:play-services-measurement:20.0.2] AndroidManifest.xml:37:13-35
216            android:exported="false" />
216-->[com.google.android.gms:play-services-measurement:20.0.2] AndroidManifest.xml:38:13-37
217        <service
217-->[com.google.android.gms:play-services-measurement:20.0.2] AndroidManifest.xml:39:9-43:72
218            android:name="com.google.android.gms.measurement.AppMeasurementJobService"
218-->[com.google.android.gms:play-services-measurement:20.0.2] AndroidManifest.xml:40:13-87
219            android:enabled="true"
219-->[com.google.android.gms:play-services-measurement:20.0.2] AndroidManifest.xml:41:13-35
220            android:exported="false"
220-->[com.google.android.gms:play-services-measurement:20.0.2] AndroidManifest.xml:42:13-37
221            android:permission="android.permission.BIND_JOB_SERVICE" />
221-->[com.google.android.gms:play-services-measurement:20.0.2] AndroidManifest.xml:43:13-69
222
223        <activity
223-->[com.google.android.gms:play-services-base:17.5.0] AndroidManifest.xml:23:9-26:75
224            android:name="com.google.android.gms.common.api.GoogleApiActivity"
224-->[com.google.android.gms:play-services-base:17.5.0] AndroidManifest.xml:24:13-79
225            android:exported="false"
225-->[com.google.android.gms:play-services-base:17.5.0] AndroidManifest.xml:25:13-37
226            android:theme="@android:style/Theme.Translucent.NoTitleBar" />
226-->[com.google.android.gms:play-services-base:17.5.0] AndroidManifest.xml:26:13-72
227
228        <meta-data
228-->[com.google.android.gms:play-services-basement:18.0.0] AndroidManifest.xml:21:9-23:69
229            android:name="com.google.android.gms.version"
229-->[com.google.android.gms:play-services-basement:18.0.0] AndroidManifest.xml:22:13-58
230            android:value="@integer/google_play_services_version" />
230-->[com.google.android.gms:play-services-basement:18.0.0] AndroidManifest.xml:23:13-66
231
232        <service
232-->[com.google.android.datatransport:transport-runtime:3.0.0] AndroidManifest.xml:26:9-30:19
233            android:name="com.google.android.datatransport.runtime.scheduling.jobscheduling.JobInfoSchedulerService"
233-->[com.google.android.datatransport:transport-runtime:3.0.0] AndroidManifest.xml:27:13-117
234            android:exported="false"
234-->[com.google.android.datatransport:transport-runtime:3.0.0] AndroidManifest.xml:28:13-37
235            android:permission="android.permission.BIND_JOB_SERVICE" >
235-->[com.google.android.datatransport:transport-runtime:3.0.0] AndroidManifest.xml:29:13-69
236        </service>
237
238        <receiver
238-->[com.google.android.datatransport:transport-runtime:3.0.0] AndroidManifest.xml:32:9-34:40
239            android:name="com.google.android.datatransport.runtime.scheduling.jobscheduling.AlarmManagerSchedulerBroadcastReceiver"
239-->[com.google.android.datatransport:transport-runtime:3.0.0] AndroidManifest.xml:33:13-132
240            android:exported="false" />
240-->[com.google.android.datatransport:transport-runtime:3.0.0] AndroidManifest.xml:34:13-37
241
242        <meta-data
242-->[com.android.billingclient:billing:3.0.2] AndroidManifest.xml:13:9-15:37
243            android:name="com.google.android.play.billingclient.version"
243-->[com.android.billingclient:billing:3.0.2] AndroidManifest.xml:14:13-73
244            android:value="3.0.2" />
244-->[com.android.billingclient:billing:3.0.2] AndroidManifest.xml:15:13-34
245
246        <activity
246-->[com.android.billingclient:billing:3.0.2] AndroidManifest.xml:17:9-21:75
247            android:name="com.android.billingclient.api.ProxyBillingActivity"
247-->[com.android.billingclient:billing:3.0.2] AndroidManifest.xml:18:13-78
248            android:configChanges="keyboard|keyboardHidden|screenLayout|screenSize|orientation"
248-->[com.android.billingclient:billing:3.0.2] AndroidManifest.xml:19:13-96
249            android:exported="false"
249-->[com.android.billingclient:billing:3.0.2] AndroidManifest.xml:20:13-37
250            android:theme="@android:style/Theme.Translucent.NoTitleBar" />
250-->[com.android.billingclient:billing:3.0.2] AndroidManifest.xml:21:13-72
251    </application>
252
253</manifest>